mode: set
escapade/internal/services/api/init.go:10.87,17.2 2 1
escapade/internal/services/api/init.go:19.92,25.51 2 1
escapade/internal/services/api/init.go:29.2,29.56 1 1
escapade/internal/services/api/init.go:33.2,34.8 2 1
escapade/internal/services/api/init.go:25.51,27.3 1 0
escapade/internal/services/api/init.go:29.56,31.3 1 0
escapade/internal/services/api/result.go:10.59,11.20 1 1
escapade/internal/services/api/result.go:11.20,13.3 1 1
escapade/internal/services/api/result.go:13.8,15.3 1 1
escapade/internal/services/api/result.go:18.73,26.2 2 1
escapade/internal/services/api/result.go:28.80,29.19 1 1
escapade/internal/services/api/result.go:36.2,36.36 1 1
escapade/internal/services/api/result.go:29.19,35.3 1 1
escapade/internal/services/api/result.go:39.94,46.55 2 1
escapade/internal/services/api/result.go:50.2,51.12 2 1
escapade/internal/services/api/result.go:46.55,48.3 1 0
escapade/internal/services/api/api.go:33.63,39.2 4 1
escapade/internal/services/api/api.go:49.73,57.56 3 1
escapade/internal/services/api/api.go:64.2,64.62 1 1
escapade/internal/services/api/api.go:71.2,73.8 3 1
escapade/internal/services/api/api.go:57.56,62.3 4 1
escapade/internal/services/api/api.go:64.62,69.3 4 0
escapade/internal/services/api/api.go:83.71,91.53 3 1
escapade/internal/services/api/api.go:98.2,98.55 1 1
escapade/internal/services/api/api.go:105.2,109.8 5 1
escapade/internal/services/api/api.go:91.53,96.3 4 1
escapade/internal/services/api/api.go:98.55,103.3 4 1
escapade/internal/services/api/api.go:120.74,129.40 3 1
escapade/internal/services/api/api.go:136.2,136.52 1 1
escapade/internal/services/api/api.go:143.2,143.60 1 1
escapade/internal/services/api/api.go:150.2,153.8 4 1
escapade/internal/services/api/api.go:129.40,134.3 4 1
escapade/internal/services/api/api.go:136.52,141.3 4 1
escapade/internal/services/api/api.go:143.60,148.3 4 1
escapade/internal/services/api/api.go:164.66,173.40 3 1
escapade/internal/services/api/api.go:180.2,180.62 1 1
escapade/internal/services/api/api.go:186.2,188.62 2 1
escapade/internal/services/api/api.go:195.2,197.8 3 1
escapade/internal/services/api/api.go:173.40,178.3 4 1
escapade/internal/services/api/api.go:180.62,185.3 4 1
escapade/internal/services/api/api.go:188.62,193.3 4 0
escapade/internal/services/api/api.go:208.67,215.59 3 1
escapade/internal/services/api/api.go:222.2,222.46 1 1
escapade/internal/services/api/api.go:229.2,233.8 5 1
escapade/internal/services/api/api.go:215.59,220.3 4 1
escapade/internal/services/api/api.go:222.46,227.3 4 0
escapade/internal/services/api/api.go:244.71,252.53 3 1
escapade/internal/services/api/api.go:259.2,259.49 1 1
escapade/internal/services/api/api.go:266.2,270.8 5 1
escapade/internal/services/api/api.go:252.53,257.3 4 1
escapade/internal/services/api/api.go:259.49,264.3 4 1
escapade/internal/services/api/api.go:282.75,292.59 3 1
escapade/internal/services/api/api.go:299.2,299.60 1 1
escapade/internal/services/api/api.go:306.2,309.8 4 1
escapade/internal/services/api/api.go:292.59,297.3 4 1
escapade/internal/services/api/api.go:299.60,304.3 4 0
escapade/internal/services/api/api.go:319.79,327.63 3 1
escapade/internal/services/api/api.go:334.2,336.40 3 1
escapade/internal/services/api/api.go:327.63,332.3 4 0
escapade/internal/services/api/api.go:348.69,356.42 3 0
escapade/internal/services/api/api.go:363.2,363.50 1 0
escapade/internal/services/api/api.go:370.2,372.40 3 0
escapade/internal/services/api/api.go:356.42,361.3 4 0
escapade/internal/services/api/api.go:363.50,368.3 4 0
escapade/internal/services/api/api.go:383.69,393.56 3 0
escapade/internal/services/api/api.go:400.2,400.55 1 0
escapade/internal/services/api/api.go:407.2,409.55 2 0
escapade/internal/services/api/api.go:416.2,418.40 3 0
escapade/internal/services/api/api.go:393.56,398.3 4 0
escapade/internal/services/api/api.go:400.55,405.3 4 0
escapade/internal/services/api/api.go:409.55,414.3 4 0
escapade/internal/services/api/api.go:429.70,439.56 3 0
escapade/internal/services/api/api.go:446.2,446.90 1 0
escapade/internal/services/api/api.go:453.2,460.18 6 0
escapade/internal/services/api/api.go:472.2,472.16 1 0
escapade/internal/services/api/api.go:479.2,479.56 1 0
escapade/internal/services/api/api.go:487.2,488.36 2 0
escapade/internal/services/api/api.go:439.56,444.3 4 0
escapade/internal/services/api/api.go:446.90,451.3 4 0
escapade/internal/services/api/api.go:461.20,462.69 1 0
escapade/internal/services/api/api.go:463.19,464.69 1 0
escapade/internal/services/api/api.go:465.10,469.9 4 0
escapade/internal/services/api/api.go:472.16,477.3 4 0
escapade/internal/services/api/api.go:479.56,485.3 5 0
escapade/internal/services/api/api.go:500.71,511.20 5 0
escapade/internal/services/api/api.go:519.2,519.62 1 0
escapade/internal/services/api/api.go:526.2,528.8 3 0
escapade/internal/services/api/api.go:511.20,517.3 5 0
escapade/internal/services/api/api.go:519.62,524.3 4 0
escapade/internal/services/api/files.go:9.92,16.50 3 0
escapade/internal/services/api/files.go:20.2,20.67 1 0
escapade/internal/services/api/files.go:24.2,24.8 1 0
escapade/internal/services/api/files.go:16.50,18.3 1 0
escapade/internal/services/api/files.go:20.67,22.3 1 0
escapade/internal/services/api/getters.go:17.66,25.24 3 0
escapade/internal/services/api/getters.go:37.2,37.8 1 0
escapade/internal/services/api/getters.go:25.24,27.3 1 0
escapade/internal/services/api/getters.go:27.8,28.57 1 0
escapade/internal/services/api/getters.go:32.3,32.15 1 0
escapade/internal/services/api/getters.go:28.57,31.4 2 0
escapade/internal/services/api/getters.go:32.15,34.4 1 0
escapade/internal/services/api/getters.go:40.90,47.45 3 1
escapade/internal/services/api/getters.go:52.2,52.24 1 1
escapade/internal/services/api/getters.go:64.2,64.8 1 1
escapade/internal/services/api/getters.go:47.45,50.3 2 0
escapade/internal/services/api/getters.go:52.24,54.3 1 0
escapade/internal/services/api/getters.go:54.8,55.57 1 1
escapade/internal/services/api/getters.go:59.3,59.15 1 1
escapade/internal/services/api/getters.go:55.57,58.4 2 1
escapade/internal/services/api/getters.go:59.15,61.4 1 0
escapade/internal/services/api/getters.go:67.83,70.59 2 1
escapade/internal/services/api/getters.go:75.2,75.68 1 1
escapade/internal/services/api/getters.go:79.2,79.8 1 1
escapade/internal/services/api/getters.go:70.59,73.3 2 1
escapade/internal/services/api/getters.go:75.68,77.3 1 0
escapade/internal/services/api/getters.go:82.80,85.59 2 0
escapade/internal/services/api/getters.go:90.2,90.68 1 0
escapade/internal/services/api/getters.go:94.2,94.8 1 0
escapade/internal/services/api/getters.go:85.59,88.3 2 0
escapade/internal/services/api/getters.go:90.68,92.3 1 0
escapade/internal/services/api/getters.go:97.72,99.19 1 1
escapade/internal/services/api/getters.go:104.2,108.8 3 1
escapade/internal/services/api/getters.go:99.19,103.3 2 1
escapade/internal/services/api/getters.go:111.85,114.21 2 1
escapade/internal/services/api/getters.go:119.2,119.22 1 1
escapade/internal/services/api/getters.go:124.2,124.25 1 1
escapade/internal/services/api/getters.go:129.2,129.8 1 1
escapade/internal/services/api/getters.go:114.21,117.3 2 1
escapade/internal/services/api/getters.go:119.22,122.3 2 1
escapade/internal/services/api/getters.go:124.25,127.3 2 1
